
> word-life@0.1.0 build:production-ci
> node scripts/run-worldos-production-ci-build.mjs

   ▲ Next.js 15.5.20
   - Environments: .env.local
   - Experiments (use with caution):
     · cpus: 2
     ✓ mdxRs

   Creating an optimized production build ...
 ✓ Compiled successfully in 11.4s
   Skipping validation of types
   Skipping linting

   We detected TypeScript in your project and reconfigured your tsconfig.json file for you.
   The following suggested values were added to your tsconfig.json. These values can be changed to fit your project's needs:

   	- include was updated to add '.next-world-evidence/types/**/*.ts'

   Collecting page data ...
   Generating static pages (0/259) ...
   Generating static pages (64/259) 
   Generating static pages (129/259) 
   Generating static pages (194/259) 
 ✓ Generating static pages (259/259)
   Finalizing page optimization ...
   Collecting build traces ...

Route (app)                                          Size  First Load JS
┌ ○ /                                             5.67 kB         170 kB
├ ○ /_not-found                                     179 B         103 kB
├ ○ /about                                        2.34 kB         136 kB
├ ƒ /api/lighthouse/ask                             179 B         103 kB
├ ○ /api/lighthouse/search                          179 B         103 kB
├ ƒ /api/owner/summary                              179 B         103 kB
├ ƒ /api/r6/audit                                   179 B         103 kB
├ ƒ /api/r6/export-jobs                             179 B         103 kB
├ ƒ /api/r6/nodes                                   179 B         103 kB
├ ƒ /api/r6/service-health                          179 B         103 kB
├ ƒ /api/r7/maintenance                             179 B         103 kB
├ ƒ /api/r7/world-log                               179 B         103 kB
├ ƒ /api/r7/world-state                             179 B         103 kB
├ ƒ /api/v2/ai/suggestions                          179 B         103 kB
├ ƒ /api/v2/audit                                   179 B         103 kB
├ ƒ /api/v2/content                                 179 B         103 kB
├ ƒ /api/v2/export/jobs                             179 B         103 kB
├ ƒ /api/v2/vault                                   179 B         103 kB
├ ○ /archive                                      7.27 kB         171 kB
├ ○ /ask                                          5.91 kB         170 kB
├ ○ /atlas                                        7.48 kB         143 kB
├ ○ /forbidden                                    2.51 kB         108 kB
├ ○ /manifest.webmanifest                           179 B         103 kB
├ ○ /manifesto                                    2.21 kB         136 kB
├ ● /node/[slug]                                  6.48 kB         142 kB
├   ├ /node/world-manifesto
├   ├ /node/personal-digital-universe-definition
├   ├ /node/ai-lighthouse-boundary
├   └ [+197 more paths]
├ ○ /paths                                          186 B         171 kB
├ ● /paths/[id]                                     187 B         171 kB
├   ├ /paths/first-visit
├   ├ /paths/tech-ai
├   ├ /paths/how-world-created
├   └ [+26 more paths]
├ ○ /robots.txt                                     179 B         103 kB
├ ○ /sitemap.xml                                    179 B         103 kB
├ ○ /status                                       3.81 kB         148 kB
└ ○ /timeline                                     7.43 kB         143 kB
+ First Load JS shared by all                      103 kB
  ├ chunks/1255-d90f22433f14e976.js               46.2 kB
  ├ chunks/4bd1b696-f785427dddbba9fb.js           54.2 kB
  └ other shared chunks (total)                   2.12 kB


○  (Static)   prerendered as static content
●  (SSG)      prerendered as static HTML (uses generateStaticParams)
ƒ  (Dynamic)  server-rendered on demand

