Traceback (most recent call last):
  File "<stdin>", line 10, in <module>
  File "/opt/homebrew/Cellar/python@3.9/3.9.17_1/Frameworks/Python.framework/Versions/3.9/lib/python3.9/asyncio/runners.py", line 44, in run
    return loop.run_until_complete(main)
  File "/opt/homebrew/Cellar/python@3.9/3.9.17_1/Frameworks/Python.framework/Versions/3.9/lib/python3.9/asyncio/base_events.py", line 647, in run_until_complete
    return future.result()
  File "<stdin>", line 9, in main
  File "/opt/homebrew/lib/python3.9/site-packages/playwright/async_api/_generated.py", line 20532, in get
    await self._impl_obj.get(
  File "/opt/homebrew/lib/python3.9/site-packages/playwright/_impl/_fetch.py", line 200, in get
    return await self.fetch(
  File "/opt/homebrew/lib/python3.9/site-packages/playwright/_impl/_fetch.py", line 326, in fetch
    return await self._inner_fetch(
  File "/opt/homebrew/lib/python3.9/site-packages/playwright/_impl/_fetch.py", line 432, in _inner_fetch
    response = await self._channel.send(
  File "/opt/homebrew/lib/python3.9/site-packages/playwright/_impl/_connection.py", line 69, in send
    return await self._connection.wrap_api_call(
  File "/opt/homebrew/lib/python3.9/site-packages/playwright/_impl/_connection.py", line 559, in wrap_api_call
    raise rewrite_error(error, f"{parsed_st['apiName']}: {error}") from None
playwright._impl._errors.TargetClosedError: APIRequestContext.get: Target page, context or browser has been closed
