
> word-life@0.1.0 build:production-ci
> node scripts/run-worldos-production-ci-build.mjs

   ▲ Next.js 15.5.20
   - Environments: .env.local
   - Experiments (use with caution):
     · cpus: 2
     ✓ mdxRs

   Creating an optimized production build ...
 ✓ Compiled successfully in 24.8s
   Skipping validation of types
   Skipping linting
   Collecting page data ...
   Generating static pages (0/259) ...
   Generating static pages (64/259)
   Generating static pages (129/259)
   Generating static pages (194/259)
 ✓ Generating static pages (259/259)
   Finalizing page optimization ...
   Collecting build traces ...

Route (app)                                          Size  First Load JS
┌ ○ /                                             6.62 kB         175 kB
├ ○ /_not-found                                     184 B         103 kB
├ ○ /about                                        2.34 kB         136 kB
├ ƒ /api/lighthouse/ask                             184 B         103 kB
├ ○ /api/lighthouse/search                          184 B         103 kB
├ ƒ /api/owner/summary                              184 B         103 kB
├ ƒ /api/r6/audit                                   184 B         103 kB
├ ƒ /api/r6/export-jobs                             184 B         103 kB
├ ƒ /api/r6/nodes                                   184 B         103 kB
├ ƒ /api/r6/service-health                          184 B         103 kB
├ ƒ /api/r7/maintenance                             184 B         103 kB
├ ƒ /api/r7/world-log                               184 B         103 kB
├ ƒ /api/r7/world-state                             184 B         103 kB
├ ƒ /api/status/build-identity                      184 B         103 kB
├ ƒ /api/status/permission-canary                   184 B         103 kB
├ ƒ /api/v2/ai/suggestions                          184 B         103 kB
├ ƒ /api/v2/audit                                   184 B         103 kB
├ ƒ /api/v2/content                                 184 B         103 kB
├ ƒ /api/v2/export/jobs                             184 B         103 kB
├ ƒ /api/v2/vault                                   184 B         103 kB
├ ○ /archive                                      7.03 kB         175 kB
├ ○ /ask                                          5.67 kB         174 kB
├ ○ /atlas                                        8.31 kB         148 kB
├ ○ /forbidden                                    2.51 kB         108 kB
├ ○ /manifest.webmanifest                           184 B         103 kB
├ ○ /manifesto                                    2.21 kB         136 kB
├ ● /node/[slug]                                  7.34 kB         147 kB
├   ├ /node/world-manifesto
├   ├ /node/personal-digital-universe-definition
├   ├ /node/ai-lighthouse-boundary
├   └ [+197 more paths]
├ ○ /paths                                          187 B         174 kB
├ ● /paths/[id]                                     187 B         174 kB
├   ├ /paths/first-visit
├   ├ /paths/tech-ai
├   ├ /paths/how-world-created
├   └ [+26 more paths]
├ ○ /robots.txt                                     184 B         103 kB
├ ○ /sitemap.xml                                    184 B         103 kB
├ ○ /status                                       3.86 kB         166 kB
└ ○ /timeline                                     7.18 kB         147 kB
+ First Load JS shared by all                      103 kB
  ├ chunks/1255-d90f22433f14e976.js               46.2 kB
  ├ chunks/4bd1b696-f785427dddbba9fb.js           54.2 kB
  └ other shared chunks (total)                   2.11 kB


○  (Static)   prerendered as static content
●  (SSG)      prerendered as static HTML (uses generateStaticParams)
ƒ  (Dynamic)  server-rendered on demand

WorldOS build identity: buildId=VNFID_L0uJ9nm6Skv7bGp files=373 root=cfe101fa4d9ae5631d79972d9462361a2503358e0f6b3599d723b6273be610bd
